[debug] [2023-04-10T23:05:36.902Z] ----------------------------------------------------------------------
[debug] [2023-04-10T23:05:36.904Z] Command:       E:\Archivos De Programas\PROGRAMAS DE PROGRAMACION NATA\Node\node.exe C:\Users\radio\AppData\Roaming\npm\node_modules\firebase-tools\lib\bin\firebase.js init
[debug] [2023-04-10T23:05:36.904Z] CLI Version:   11.25.3
[debug] [2023-04-10T23:05:36.905Z] Platform:      win32
[debug] [2023-04-10T23:05:36.905Z] Node Version:  v16.17.0
[debug] [2023-04-10T23:05:36.906Z] Time:          Mon Apr 10 2023 20:05:36 GMT-0300 (hora estándar de Argentina)
[debug] [2023-04-10T23:05:36.906Z] ----------------------------------------------------------------------
[debug] 
[debug] [2023-04-10T23:05:36.912Z] > command requires scopes: ["email","openid","https://www.googleapis.com/auth/cloudplatformprojects.readonly","https://www.googleapis.com/auth/firebase","https://www.googleapis.com/auth/cloud-platform"]
[debug] [2023-04-10T23:05:36.913Z] > authorizing via signed-in user (nataniel.ferreyra15@gmail.com)
[info] 
     ######## #### ########  ######## ########     ###     ######  ########
     ##        ##  ##     ## ##       ##     ##  ##   ##  ##       ##
     ######    ##  ########  ######   ########  #########  ######  ######
     ##        ##  ##    ##  ##       ##     ## ##     ##       ## ##
     ##       #### ##     ## ######## ########  ##     ##  ######  ########

You're about to initialize a Firebase project in this directory:

  D:\Usuarios\Desktop\PortfolioAngular

[info] 
=== Project Setup
[info] 
[info] First, let's associate this project directory with a Firebase project.
[info] You can create multiple project aliases by running firebase use --add, 
[info] but for now we'll just set up a default project.
[info] 
[debug] [2023-04-10T23:07:36.794Z] >>> [apiv2][query] GET https://firebase.googleapis.com/v1beta1/projects pageSize=100
[debug] [2023-04-10T23:07:37.498Z] <<< [apiv2][status] GET https://firebase.googleapis.com/v1beta1/projects 200
[debug] [2023-04-10T23:07:37.498Z] <<< [apiv2][body] GET https://firebase.googleapis.com/v1beta1/projects [omitted]
[info] i  Using project portfolionatanielferreyra (PortfolioNatanielFerreyra) 
[info] 
=== Hosting Setup
[info] 
[info] Your public directory is the folder (relative to your project directory) that
[info] will contain Hosting assets to be uploaded with firebase deploy. If you
[info] have a build process for your assets, use your build's output directory.
[info] 
